<?xml version="1.0" encoding="UTF-8"?>
<!-- Generated by org.testng.reporters.JUnitReportReporter -->
<testsuite skipped="0" hostname="EPBYMINW2705" name="test.java.TestSignIn" tests="1" failures="0" timestamp="14 Jul 2017 17:02:11 GMT" time="0.132" errors="0">
  <testcase name="userExistCorrectData" time="0.132" classname="test.java.TestSignIn"/>
</testsuite> <!-- test.java.TestSignIn -->
