<?xml version="1.0" encoding="UTF-8"?>
<!-- Generated by org.testng.reporters.JUnitReportReporter -->
<testsuite skipped="0" hostname="Toxich-PC" name="test.java.TstSignOut" tests="6" failures="0" timestamp="16 Jul 2017 21:09:03 GMT" time="0.100" errors="0">
  <testcase name="noUserInSystem" time="0.003" classname="test.java.TstSignOut"/>
  <testcase name="EmptyLoginUserInSystem" time="0.003" classname="test.java.TstSignOut"/>
  <testcase name="clearDataUserInSystem" time="0.020" classname="test.java.TstSignOut"/>
  <testcase name="EmptyLoginNoUserInSystem" time="0.063" classname="test.java.TstSignOut"/>
  <testcase name="userExistButAlreadyOUT" time="0.002" classname="test.java.TstSignOut"/>
  <testcase name="userAlreadySignOut" time="0.009" classname="test.java.TstSignOut"/>
</testsuite> <!-- test.java.TstSignOut -->
