<?xml version="1.0" encoding="UTF-8"?>
<!-- Generated by org.testng.reporters.JUnitReportReporter -->
<testsuite skipped="0" hostname="EPBYMINW2705" name="test.java.TstSignOut" tests="6" failures="0" timestamp="17 Jul 2017 10:22:29 GMT" time="0.121" errors="0">
  <testcase name="EmptyLoginUserInSystem" time="0.003" classname="test.java.TstSignOut"/>
  <testcase name="clearDataUserInSystem" time="0.069" classname="test.java.TstSignOut"/>
  <testcase name="userAlreadySignOut" time="0.039" classname="test.java.TstSignOut"/>
  <testcase name="noUserInSystem" time="0.004" classname="test.java.TstSignOut"/>
  <testcase name="userExistButAlreadyOUT" time="0.003" classname="test.java.TstSignOut"/>
  <testcase name="EmptyLoginNoUserInSystem" time="0.003" classname="test.java.TstSignOut"/>
</testsuite> <!-- test.java.TstSignOut -->
