<?xml version="1.0" encoding="UTF-8"?>
<!-- Generated by org.testng.reporters.JUnitReportReporter -->
<testsuite skipped="0" hostname="Toxich-PC" name="test.java.TestSignIn" tests="5" failures="0" timestamp="16 Jul 2017 17:48:03 GMT" time="0.123" errors="0">
  <testcase name="userExistEmptyString" time="0.002" classname="test.java.TestSignIn"/>
  <testcase name="userExistButIncorrectPassword" time="0.017" classname="test.java.TestSignIn"/>
  <testcase name="userExistButIncorrectLogin" time="0.087" classname="test.java.TestSignIn"/>
  <testcase name="userExistCorrectData" time="0.010" classname="test.java.TestSignIn"/>
  <testcase name="userIsNotExist" time="0.007" classname="test.java.TestSignIn"/>
</testsuite> <!-- test.java.TestSignIn -->
